# JRE version: Java(TM) SE Runtime Environment (8.0_20-b26) (build 1.8.0_20-b26)
# Java VM: Java HotSpot(TM) 64-Bit Server VM (25.20-b23 mixed mode bsd-amd64 compressed oops)
Heap:
 PSYoungGen      total 21504K, used 4506K [0x00000007aab00000, 0x00000007ac500000, 0x00000007c0000000)
  eden space 16384K, 17% used [0x00000007aab00000,0x00000007aadc2bc0,0x00000007abb00000)
  from space 5120K, 32% used [0x00000007abb00000,0x00000007abca4030,0x00000007ac000000)
  to   space 5120K, 0% used [0x00000007ac000000,0x00000007ac000000,0x00000007ac500000)
 ParOldGen       total 26624K, used 16714K [0x0000000780000000, 0x0000000781a00000, 0x00000007aab00000)
  object space 26624K, 62% used [0x0000000780000000,0x0000000781052b88,0x0000000781a00000)
 Metaspace       used 29616K, capacity 29890K, committed 30208K, reserved 1075200K
  class space    used 3920K, capacity 3993K, committed 4096K, reserved 1048576K
GC Heap History (10 events):
Event: 29.723 GC heap before
{Heap before GC invocations=10 (full 1):
 PSYoungGen      total 21504K, used 19999K [0x00000007aab00000, 0x00000007ac500000, 0x00000007c0000000)
  eden space 16384K, 100% used [0x00000007aab00000,0x00000007abb00000,0x00000007abb00000)
  from space 5120K, 70% used [0x00000007ac000000,0x00000007ac387ce8,0x00000007ac500000)
  to   space 5120K, 0% used [0x00000007abb00000,0x00000007abb00000,0x00000007ac000000)
 ParOldGen       total 26624K, used 8018K [0x0000000780000000, 0x0000000781a00000, 0x00000007aab00000)
  object space 26624K, 30% used [0x0000000780000000,0x00000007807d4800,0x0000000781a00000)
 Metaspace       used 28539K, capacity 28844K, committed 29056K, reserved 1075200K
  class space    used 3877K, capacity 3952K, committed 3968K, reserved 1048576K
Event: 29.729 GC heap after
Heap after GC invocations=10 (full 1):
 PSYoungGen      total 21504K, used 2681K [0x00000007aab00000, 0x00000007ac500000, 0x00000007c0000000)
  eden space 16384K, 0% used [0x00000007aab00000,0x00000007aab00000,0x00000007abb00000)
  from space 5120K, 52% used [0x00000007abb00000,0x00000007abd9e700,0x00000007ac000000)
  to   space 5120K, 0% used [0x00000007ac000000,0x00000007ac000000,0x00000007ac500000)
 ParOldGen       total 26624K, used 9076K [0x0000000780000000, 0x0000000781a00000, 0x00000007aab00000)
  object space 26624K, 34% used [0x0000000780000000,0x00000007808dd030,0x0000000781a00000)
 Metaspace       used 28539K, capacity 28844K, committed 29056K, reserved 1075200K
  class space    used 3877K, capacity 3952K, committed 3968K, reserved 1048576K
}
Event: 31.214 GC heap before
{Heap before GC invocations=11 (full 1):
 PSYoungGen      total 21504K, used 19065K [0x00000007aab00000, 0x00000007ac500000, 0x00000007c0000000)
  eden space 16384K, 100% used [0x00000007aab00000,0x00000007abb00000,0x00000007abb00000)
  from space 5120K, 52% used [0x00000007abb00000,0x00000007abd9e700,0x00000007ac000000)
  to   space 5120K, 0% used [0x00000007ac000000,0x00000007ac000000,0x00000007ac500000)
 ParOldGen       total 26624K, used 9076K [0x0000000780000000, 0x0000000781a00000, 0x00000007aab00000)
  object space 26624K, 34% used [0x0000000780000000,0x00000007808dd030,0x0000000781a00000)
 Metaspace       used 28827K, capacity 29130K, committed 29312K, reserved 1075200K
  class space    used 3881K, capacity 3957K, committed 3968K, reserved 1048576K
Event: 31.221 GC heap after
Heap after GC invocations=11 (full 1):
 PSYoungGen      total 21504K, used 2288K [0x00000007aab00000, 0x00000007ac500000, 0x00000007c0000000)
  eden space 16384K, 0% used [0x00000007aab00000,0x00000007aab00000,0x00000007abb00000)
  from space 5120K, 44% used [0x00000007ac000000,0x00000007ac23c050,0x00000007ac500000)
  to   space 5120K, 0% used [0x00000007abb00000,0x00000007abb00000,0x00000007ac000000)
 ParOldGen       total 26624K, used 10384K [0x0000000780000000, 0x0000000781a00000, 0x00000007aab00000)
  object space 26624K, 39% used [0x0000000780000000,0x0000000780a24268,0x0000000781a00000)
 Metaspace       used 28827K, capacity 29130K, committed 29312K, reserved 1075200K
  class space    used 3881K, capacity 3957K, committed 3968K, reserved 1048576K
}
Event: 32.631 GC heap before
{Heap before GC invocations=12 (full 1):
 PSYoungGen      total 21504K, used 18672K [0x00000007aab00000, 0x00000007ac500000, 0x00000007c0000000)
  eden space 16384K, 100% used [0x00000007aab00000,0x00000007abb00000,0x00000007abb00000)
  from space 5120K, 44% used [0x00000007ac000000,0x00000007ac23c050,0x00000007ac500000)
  to   space 5120K, 0% used [0x00000007abb00000,0x00000007abb00000,0x00000007ac000000)
 ParOldGen       total 26624K, used 10384K [0x0000000780000000, 0x0000000781a00000, 0x00000007aab00000)
  object space 26624K, 39% used [0x0000000780000000,0x0000000780a24268,0x0000000781a00000)
 Metaspace       used 28968K, capacity 29258K, committed 29568K, reserved 1075200K
  class space    used 3882K, capacity 3957K, committed 3968K, reserved 1048576K
Event: 32.636 GC heap after
Heap after GC invocations=12 (full 1):
 PSYoungGen      total 21504K, used 1536K [0x00000007aab00000, 0x00000007ac500000, 0x00000007c0000000)
  eden space 16384K, 0% used [0x00000007aab00000,0x00000007aab00000,0x00000007abb00000)
  from space 5120K, 30% used [0x00000007abb00000,0x00000007abc80040,0x00000007ac000000)
  to   space 5120K, 0% used [0x00000007ac000000,0x00000007ac000000,0x00000007ac500000)
 ParOldGen       total 26624K, used 12313K [0x0000000780000000, 0x0000000781a00000, 0x00000007aab00000)
  object space 26624K, 46% used [0x0000000780000000,0x0000000780c066f8,0x0000000781a00000)
 Metaspace       used 28968K, capacity 29258K, committed 29568K, reserved 1075200K
  class space    used 3882K, capacity 3957K, committed 3968K, reserved 1048576K
}
Event: 34.045 GC heap before
{Heap before GC invocations=13 (full 1):
 PSYoungGen      total 21504K, used 17920K [0x00000007aab00000, 0x00000007ac500000, 0x00000007c0000000)
  eden space 16384K, 100% used [0x00000007aab00000,0x00000007abb00000,0x00000007abb00000)
  from space 5120K, 30% used [0x00000007abb00000,0x00000007abc80040,0x00000007ac000000)
  to   space 5120K, 0% used [0x00000007ac000000,0x00000007ac000000,0x00000007ac500000)
 ParOldGen       total 26624K, used 12313K [0x0000000780000000, 0x0000000781a00000, 0x00000007aab00000)
  object space 26624K, 46% used [0x0000000780000000,0x0000000780c066f8,0x0000000781a00000)
 Metaspace       used 29122K, capacity 29386K, committed 29568K, reserved 1075200K
  class space    used 3895K, capacity 3957K, committed 3968K, reserved 1048576K
Event: 34.048 GC heap after
Heap after GC invocations=13 (full 1):
 PSYoungGen      total 21504K, used 3289K [0x00000007aab00000, 0x00000007ac500000, 0x00000007c0000000)
  eden space 16384K, 0% used [0x00000007aab00000,0x00000007aab00000,0x00000007abb00000)
  from space 5120K, 64% used [0x00000007ac000000,0x00000007ac336580,0x00000007ac500000)
  to   space 5120K, 0% used [0x00000007abb00000,0x00000007abb00000,0x00000007ac000000)
 ParOldGen       total 26624K, used 13543K [0x0000000780000000, 0x0000000781a00000, 0x00000007aab00000)
  object space 26624K, 50% used [0x0000000780000000,0x0000000780d39dc0,0x0000000781a00000)
 Metaspace       used 29122K, capacity 29386K, committed 29568K, reserved 1075200K
  class space    used 3895K, capacity 3957K, committed 3968K, reserved 1048576K
}
Event: 1733.834 GC heap before
{Heap before GC invocations=14 (full 1):
 PSYoungGen      total 21504K, used 19673K [0x00000007aab00000, 0x00000007ac500000, 0x00000007c0000000)
  eden space 16384K, 100% used [0x00000007aab00000,0x00000007abb00000,0x00000007abb00000)
  from space 5120K, 64% used [0x00000007ac000000,0x00000007ac336580,0x00000007ac500000)
  to   space 5120K, 0% used [0x00000007abb00000,0x00000007abb00000,0x00000007ac000000)
 ParOldGen       total 26624K, used 13543K [0x0000000780000000, 0x0000000781a00000, 0x00000007aab00000)
  object space 26624K, 50% used [0x0000000780000000,0x0000000780d39dc0,0x0000000781a00000)
 Metaspace       used 29607K, capacity 29878K, committed 30208K, reserved 1075200K
  class space    used 3919K, capacity 3991K, committed 4096K, reserved 1048576K
Event: 1733.839 GC heap after
Heap after GC invocations=14 (full 1):
 PSYoungGen      total 21504K, used 1680K [0x00000007aab00000, 0x00000007ac500000, 0x00000007c0000000)
  eden space 16384K, 0% used [0x00000007aab00000,0x00000007aab00000,0x00000007abb00000)
  from space 5120K, 32% used [0x00000007abb00000,0x00000007abca4030,0x00000007ac000000)
  to   space 5120K, 0% used [0x00000007ac000000,0x00000007ac000000,0x00000007ac500000)
 ParOldGen       total 26624K, used 16714K [0x0000000780000000, 0x0000000781a00000, 0x00000007aab00000)
  object space 26624K, 62% used [0x0000000780000000,0x0000000781052b88,0x0000000781a00000)
 Metaspace       used 29607K, capacity 29878K, committed 30208K, reserved 1075200K
  class space    used 3919K, capacity 3991K, committed 4096K, reserved 1048576K
}

